<?xml version="1.0" encoding="UTF-8"?>
<!-- Generated by org.testng.reporters.JUnitReportReporter -->
<testsuite skipped="0" hostname="LAPTOP-II3QSGQV" name="qaclickacademy.appiumTest" tests="2" failures="0" timestamp="2019-09-29T11:51:14 IST" time="0.005" errors="0">
  <testcase name="IOSApps" time="0.002" classname="qaclickacademy.appiumTest"/>
  <testcase name="NativeAppAndroid" time="0.003" classname="qaclickacademy.appiumTest"/>
</testsuite> <!-- qaclickacademy.appiumTest -->
