<?xml version="1.0" encoding="UTF-8"?>
<!-- Generated by org.testng.reporters.JUnitReportReporter -->
<testsuite skipped="0" hostname="LAPTOP-II3QSGQV" name="qaclickacademy.RestAPITest" tests="2" failures="0" timestamp="2019-09-29T11:53:03 IST" time="0.001" errors="0">
  <testcase name="postJira" time="0.001" classname="qaclickacademy.RestAPITest"/>
  <testcase name="deleteTwitter" time="0.000" classname="qaclickacademy.RestAPITest"/>
</testsuite> <!-- qaclickacademy.RestAPITest -->
