<?xml version="1.0" encoding="UTF-8"?>
<!-- Generated by org.testng.reporters.JUnitReportReporter -->
<testsuite skipped="0" hostname="LAPTOP-II3QSGQV" name="qaclickacademy.SeleniumTest" tests="2" failures="0" timestamp="2019-09-29T11:53:03 IST" time="0.024" errors="0">
  <testcase name="elementUI" time="0.000" classname="qaclickacademy.SeleniumTest"/>
  <testcase name="browserAutomation" time="0.024" classname="qaclickacademy.SeleniumTest"/>
</testsuite> <!-- qaclickacademy.SeleniumTest -->
